0 info it worked if it ends with ok
1 verbose cli [ '/usr/local/Cellar/node/5.8.0/bin/node',
1 verbose cli   '/usr/local/bin/npm',
1 verbose cli   'run',
1 verbose cli   'tsc',
1 verbose cli   '-w' ]
2 info using npm@4.1.2
3 info using node@v7.6.0
4 verbose run-script [ 'pretsc', 'tsc', 'posttsc' ]
5 info lifecycle meantodos@1.0.0~pretsc: meantodos@1.0.0
6 silly lifecycle meantodos@1.0.0~pretsc: no script for pretsc, continuing
7 info lifecycle meantodos@1.0.0~tsc: meantodos@1.0.0
8 verbose lifecycle meantodos@1.0.0~tsc: unsafe-perm in lifecycle true
9 verbose lifecycle meantodos@1.0.0~tsc: PATH: /usr/local/lib/node_modules/npm/bin/node-gyp-bin:/Users/marceloleon/Desktop/angularprojects/meantodos/client/node_modules/.bin:/Users/marceloleon/.rvm/gems/ruby-2.2.1/bin:/Users/marceloleon/.rvm/gems/ruby-2.2.1@global/bin:/Users/marceloleon/.rvm/rubies/ruby-2.2.1/bin:/usr/local/bin:/usr/bin:/bin:/usr/sbin:/sbin:/Users/marceloleon/.rvm/bin
10 verbose lifecycle meantodos@1.0.0~tsc: CWD: /Users/marceloleon/Desktop/angularprojects/meantodos/client
11 silly lifecycle meantodos@1.0.0~tsc: Args: [ '-c', 'tsc' ]
12 silly lifecycle meantodos@1.0.0~tsc: Returned: code: 2  signal: null
13 info lifecycle meantodos@1.0.0~tsc: Failed to exec tsc script
14 verbose stack Error: meantodos@1.0.0 tsc: `tsc`
14 verbose stack Exit status 2
14 verbose stack     at EventEmitter.<anonymous> (/usr/local/lib/node_modules/npm/lib/utils/lifecycle.js:279:16)
14 verbose stack     at emitTwo (events.js:106:13)
14 verbose stack     at EventEmitter.emit (events.js:192:7)
14 verbose stack     at ChildProcess.<anonymous> (/usr/local/lib/node_modules/npm/lib/utils/spawn.js:40:14)
14 verbose stack     at emitTwo (events.js:106:13)
14 verbose stack     at ChildProcess.emit (events.js:192:7)
14 verbose stack     at maybeClose (internal/child_process.js:890:16)
14 verbose stack     at Process.ChildProcess._handle.onexit (internal/child_process.js:226:5)
15 verbose pkgid meantodos@1.0.0
16 verbose cwd /Users/marceloleon/Desktop/angularprojects/meantodos/client
17 error Darwin 16.6.0
18 error argv "/usr/local/Cellar/node/5.8.0/bin/node" "/usr/local/bin/npm" "run" "tsc" "-w"
19 error node v7.6.0
20 error npm  v4.1.2
21 error code ELIFECYCLE
22 error meantodos@1.0.0 tsc: `tsc`
22 error Exit status 2
23 error Failed at the meantodos@1.0.0 tsc script 'tsc'.
23 error Make sure you have the latest version of node.js and npm installed.
23 error If you do, this is most likely a problem with the meantodos package,
23 error not with npm itself.
23 error Tell the author that this fails on your system:
23 error     tsc
23 error You can get information on how to open an issue for this project with:
23 error     npm bugs meantodos
23 error Or if that isn't available, you can get their info via:
23 error     npm owner ls meantodos
23 error There is likely additional logging output above.
24 verbose exit [ 1, true ]
